<?xml version="1.0" encoding="UTF-8"?>
<!-- Generated by org.testng.reporters.JUnitReportReporter -->
<testsuite hostname="LAPTOP-PJ33QBQP" failures="0" tests="1" name="com.android.tests.Test1" time="0.037" errors="0" timestamp="2024-12-25T17:24:35 IST" skipped="0">
  <testcase classname="com.android.tests.Test1" name="downloadApkFile" time="0.037"/>
</testsuite> <!-- com.android.tests.Test1 -->
