<?xml version="1.0" encoding="UTF-8"?>
<!-- Generated by org.testng.reporters.JUnitReportReporter -->
<testsuite hostname="LAPTOP-PJ33QBQP" failures="0" tests="1" name="com.android.tests.CalculatorTest" time="8.509" errors="0" timestamp="2024-12-25T15:05:32 IST" skipped="0">
  <testcase classname="com.android.tests.CalculatorTest" name="ValidateAdditionFunctionality" time="8.509"/>
</testsuite> <!-- com.android.tests.CalculatorTest -->
