<?xml version="1.0" encoding="UTF-8"?>
<!-- Generated by org.testng.reporters.JUnitReportReporter -->
<testsuite hostname="LAPTOP-PJ33QBQP" failures="0" tests="1" name="com.android.tests.DialPhoneTerst" time="14.187" errors="0" timestamp="2024-12-25T18:33:47 IST" skipped="0">
  <testcase classname="com.android.tests.DialPhoneTerst" name="validateDialPhone" time="14.187"/>
</testsuite> <!-- com.android.tests.DialPhoneTerst -->
