<?xml version="1.0" encoding="UTF-8"?>
<!-- Generated by org.testng.reporters.JUnitReportReporter -->
<testsuite hostname="LAPTOP-PJ33QBQP" failures="0" tests="1" name="com.android.tests.AllureReportDemo" time="2.455" errors="0" timestamp="2024-12-25T22:18:00 IST" skipped="0">
  <testcase classname="com.android.tests.AllureReportDemo" name="demoTest" time="2.455"/>
</testsuite> <!-- com.android.tests.AllureReportDemo -->
